<?xml version="1.0" encoding="UTF-8"?>
<!-- Generated by org.testng.reporters.JUnitReportReporter -->
<testsuite hostname="DESKTOP-4V3O4JG" failures="0" tests="1" name="com.crm.vtiger.CreateProductTest" time="0.009" errors="0" timestamp="2022-03-23T23:05:33 IST" skipped="0">
  <testcase classname="com.crm.vtiger.CreateProductTest" name="product" time="0.009"/>
  <system-out/>
</testsuite> <!-- com.crm.vtiger.CreateProductTest -->
