<?xml version="1.0" encoding="UTF-8"?>
<!-- Generated by org.testng.reporters.JUnitReportReporter -->
<testsuite hostname="DESKTOP-4V3O4JG" failures="0" tests="1" name="com.crm.vtiger.LoginApplicationTest" time="7.938" errors="0" timestamp="2022-03-28T14:54:20 IST" skipped="0">
  <testcase classname="com.crm.vtiger.LoginApplicationTest" name="loginpage" time="7.938"/>
  <system-out/>
</testsuite> <!-- com.crm.vtiger.LoginApplicationTest -->
